<?xml version="1.0" encoding="UTF-8"?>
<!-- Generated by org.testng.reporters.JUnitXMLReporter -->
<testsuite ignored="0" hostname="DESKTOP-F2CLD0H" failures="0" tests="5" name="LoginTest" time="39.468" errors="0" timestamp="2025-03-19T20:41:13 IST">
  <testcase classname="testcases.UserRegistrationTest" name="registerWithInvalidDetails" time="6.553"/>
  <testcase classname="testcases.UserRegistrationTest" name="registerWithValidDetails" time="6.064"/>
  <testcase classname="testcases.LoginPageTest" name="testLogin" time="1.872"/>
  <testcase classname="testcases.LoginPageTest" name="testLogin" time="2.603"/>
  <testcase classname="runner.AddToCartRunner" name="runCucumberTests" time="0.001"/>
</testsuite> <!-- LoginTest -->
