<?xml version="1.0" encoding="UTF-8"?>
<!-- Generated by org.testng.reporters.JUnitXMLReporter -->
<testsuite ignored="0" hostname="DESKTOP-F2CLD0H" failures="0" tests="2" name="Login Page" time="0.76" errors="0" timestamp="2025-03-20T15:16:10 IST">
  <testcase classname="testcases.LoginPageTest" name="testLogin" time="0.0">
    <skipped/>
  </testcase> <!-- testLogin -->
  <testcase classname="testcases.LoginPageTest" name="testLogin" time="0.0">
    <skipped/>
  </testcase> <!-- testLogin -->
</testsuite> <!-- Login Page -->
