<?xml version="1.0" encoding="UTF-8"?>
<!-- Generated by org.testng.reporters.JUnitXMLReporter -->
<testsuite ignored="0" hostname="DESKTOP-F2CLD0H" failures="0" tests="2" name="RegistrationTest" time="0.051" errors="0" timestamp="2025-03-18T23:55:54 IST">
  <testcase classname="testcases.UserRegistrationTest" name="@BeforeMethod setUp" time="0.006">
    <failure type="java.lang.NullPointerException" message="Cannot invoke &amp;quot;org.openqa.selenium.WebDriver.manage()&amp;quot; because &amp;quot;base.BaseClass.driver&amp;quot; is null">
      <![CDATA[java.lang.NullPointerException: Cannot invoke "org.openqa.selenium.WebDriver.manage()" because "base.BaseClass.driver" is null
at base.BaseClass.invokeBrowser(BaseClass.java:34)
at testcases.UserRegistrationTest.setUp(UserRegistrationTest.java:16)
at java.base/java.util.ArrayList.forEach(ArrayList.java:1597)
... Removed 29 stack frames]]>
    </failure>
  </testcase> <!-- @BeforeMethod setUp -->
  <testcase classname="testcases.UserRegistrationTest" name="@AfterMethod tearDownTest" time="0.0">
    <skipped/>
  </testcase> <!-- @AfterMethod tearDownTest -->
  <testcase classname="testcases.UserRegistrationTest" name="registerWithInvalidDetails" time="0.0">
    <skipped/>
  </testcase> <!-- registerWithInvalidDetails -->
  <testcase classname="testcases.UserRegistrationTest" name="registerWithValidDetails" time="0.0">
    <skipped/>
  </testcase> <!-- registerWithValidDetails -->
</testsuite> <!-- RegistrationTest -->
