<?xml version="1.0" encoding="UTF-8"?>
<!-- Generated by org.testng.reporters.JUnitXMLReporter -->
<testsuite ignored="0" hostname="DESKTOP-F2CLD0H" failures="0" tests="2" name="User Registration" time="23.129" errors="0" timestamp="2025-03-20T15:16:09 IST">
  <testcase classname="testcases.UserRegistrationTest" name="registerWithInvalidDetails" time="7.016"/>
  <testcase classname="testcases.UserRegistrationTest" name="registerWithValidDetails" time="6.065"/>
</testsuite> <!-- User Registration -->
