<?xml version="1.0" encoding="UTF-8"?>
<!-- Generated by org.testng.reporters.JUnitXMLReporter -->
<testsuite ignored="0" hostname="DESKTOP-F2CLD0H" failures="0" tests="2" name="User Registration Tests" time="22.269" errors="0" timestamp="2025-03-18T20:02:04 IST">
  <testcase classname="testcases.UserRegistrationTest" name="registerWithInvalidDetails" time="0.438"/>
  <testcase classname="testcases.UserRegistrationTest" name="registerWithValidDetails" time="2.109"/>
</testsuite> <!-- User Registration Tests -->
