<?xml version="1.0" encoding="UTF-8"?>
<testng-results ignored="0" total="9" passed="9" failed="0" skipped="0">
  <reporter-output>
  </reporter-output>
  <suite started-at="2025-03-23T21:59:56 IST" name="Luma" finished-at="2025-03-23T22:03:30 IST" duration-ms="213750">
    <groups>
    </groups>
    <test started-at="2025-03-23T21:59:56 IST" name="Magento Tests" finished-at="2025-03-23T22:03:30 IST" duration-ms="213750">
      <class name="testcases.AddMultipleProductsTest">
        <test-method is-config="true" signature="setUp()[pri:0, instance:testcases.AddMultipleProductsTest@131774fe]" started-at="2025-03-23T22:01:21 IST" name="setUp" finished-at="2025-03-23T22:01:28 IST" duration-ms="6112" status="PASS">
          <reporter-output>
          </reporter-output>
        </test-method> <!-- setUp -->
        <test-method signature="addmen()[pri:1, instance:testcases.AddMultipleProductsTest@131774fe]" started-at="2025-03-23T22:01:28 IST" name="addmen" finished-at="2025-03-23T22:02:01 IST" duration-ms="33105" status="PASS">
          <reporter-output>
          </reporter-output>
        </test-method> <!-- addmen -->
        <test-method signature="addshirt()[pri:1, instance:testcases.AddMultipleProductsTest@131774fe]" started-at="2025-03-23T22:02:01 IST" name="addshirt" finished-at="2025-03-23T22:02:16 IST" duration-ms="15786" status="PASS">
          <reporter-output>
          </reporter-output>
        </test-method> <!-- addshirt -->
        <test-method signature="addwatch()[pri:1, instance:testcases.AddMultipleProductsTest@131774fe]" started-at="2025-03-23T22:02:16 IST" name="addwatch" finished-at="2025-03-23T22:02:31 IST" duration-ms="14050" status="PASS">
          <reporter-output>
          </reporter-output>
        </test-method> <!-- addwatch -->
        <test-method is-config="true" signature="tearDownTest()[pri:0, instance:testcases.AddMultipleProductsTest@131774fe]" started-at="2025-03-23T22:02:31 IST" name="tearDownTest" finished-at="2025-03-23T22:02:32 IST" duration-ms="1854" status="PASS">
          <reporter-output>
          </reporter-output>
        </test-method> <!-- tearDownTest -->
      </class> <!-- testcases.AddMultipleProductsTest -->
      <class name="testcases.UserRegistrationTest">
        <test-method is-config="true" signature="setUp()[pri:0, instance:testcases.UserRegistrationTest@564fabc8]" started-at="2025-03-23T21:59:56 IST" name="setUp" finished-at="2025-03-23T22:00:08 IST" duration-ms="11436" status="PASS">
          <reporter-output>
          </reporter-output>
        </test-method> <!-- setUp -->
        <test-method signature="registerWithInvalidDetails()[pri:1, instance:testcases.UserRegistrationTest@564fabc8]" started-at="2025-03-23T22:00:08 IST" name="registerWithInvalidDetails" finished-at="2025-03-23T22:00:17 IST" duration-ms="9429" status="PASS">
          <reporter-output>
          </reporter-output>
        </test-method> <!-- registerWithInvalidDetails -->
        <test-method signature="registerWithValidDetails()[pri:2, instance:testcases.UserRegistrationTest@564fabc8]" started-at="2025-03-23T22:00:17 IST" name="registerWithValidDetails" finished-at="2025-03-23T22:00:26 IST" depends-on-methods="testcases.UserRegistrationTest.registerWithInvalidDetails" duration-ms="8282" status="PASS">
          <reporter-output>
          </reporter-output>
        </test-method> <!-- registerWithValidDetails -->
        <test-method is-config="true" signature="tearDownTest()[pri:0, instance:testcases.UserRegistrationTest@564fabc8]" started-at="2025-03-23T22:00:26 IST" name="tearDownTest" finished-at="2025-03-23T22:00:27 IST" duration-ms="1038" status="PASS">
          <reporter-output>
          </reporter-output>
        </test-method> <!-- tearDownTest -->
      </class> <!-- testcases.UserRegistrationTest -->
      <class name="runner.RunCucumberTest">
        <test-method signature="runCucumberTests()[pri:3, instance:runner.RunCucumberTest@10e31a9a]" started-at="2025-03-23T22:00:37 IST" name="runCucumberTests" finished-at="2025-03-23T22:01:21 IST" duration-ms="44486" status="PASS">
          <reporter-output>
          </reporter-output>
        </test-method> <!-- runCucumberTests -->
      </class> <!-- runner.RunCucumberTest -->
      <class name="testcases.LoginPageTest">
        <test-method is-config="true" signature="setup(java.lang.String)[pri:0, instance:testcases.LoginPageTest@3febb011]" started-at="2025-03-23T22:00:27 IST" name="setup" finished-at="2025-03-23T22:00:27 IST" duration-ms="5" status="PASS">
          <params>
            <param index="0">
              <value>
                <![CDATA[firefox]]>
              </value>
            </param>
          </params>
          <reporter-output>
          </reporter-output>
        </test-method> <!-- setup -->
        <test-method signature="testLogin(java.lang.String,java.lang.String,java.lang.String)[pri:0, instance:testcases.LoginPageTest@3febb011]" started-at="2025-03-23T22:00:28 IST" name="testLogin" data-provider="LoginData" finished-at="2025-03-23T22:00:30 IST" depends-on-methods="testcases.UserRegistrationTest.registerWithValidDetails" duration-ms="2077" status="PASS">
          <params>
            <param index="0">
              <value>
                <![CDATA[testuser1@example.com]]>
              </value>
            </param>
            <param index="1">
              <value>
                <![CDATA[wrongpassword]]>
              </value>
            </param>
            <param index="2">
              <value>
                <![CDATA[Invalid]]>
              </value>
            </param>
          </params>
          <reporter-output>
          </reporter-output>
        </test-method> <!-- testLogin -->
        <test-method signature="testLogin(java.lang.String,java.lang.String,java.lang.String)[pri:0, instance:testcases.LoginPageTest@3febb011]" started-at="2025-03-23T22:00:30 IST" name="testLogin" data-provider="LoginData" finished-at="2025-03-23T22:00:33 IST" depends-on-methods="testcases.UserRegistrationTest.registerWithValidDetails" duration-ms="2982" status="PASS">
          <params>
            <param index="0">
              <value>
                <![CDATA[avya.borra@gmail.com]]>
              </value>
            </param>
            <param index="1">
              <value>
                <![CDATA[Avya1516]]>
              </value>
            </param>
            <param index="2">
              <value>
                <![CDATA[Valid]]>
              </value>
            </param>
          </params>
          <reporter-output>
          </reporter-output>
        </test-method> <!-- testLogin -->
        <test-method is-config="true" signature="tearDown()[pri:0, instance:testcases.LoginPageTest@3febb011]" started-at="2025-03-23T22:00:33 IST" name="tearDown" finished-at="2025-03-23T22:00:37 IST" duration-ms="3468" status="PASS">
          <reporter-output>
          </reporter-output>
        </test-method> <!-- tearDown -->
      </class> <!-- testcases.LoginPageTest -->
      <class name="testcases.CheckoutTest">
        <test-method is-config="true" signature="setUp()[pri:0, instance:testcases.CheckoutTest@158d2680]" started-at="2025-03-23T22:02:32 IST" name="setUp" finished-at="2025-03-23T22:02:42 IST" duration-ms="9123" status="PASS">
          <reporter-output>
          </reporter-output>
        </test-method> <!-- setUp -->
        <test-method signature="checkoutProcess()[pri:1, instance:testcases.CheckoutTest@158d2680]" started-at="2025-03-23T22:02:42 IST" name="checkoutProcess" finished-at="2025-03-23T22:03:28 IST" duration-ms="46561" status="PASS">
          <reporter-output>
          </reporter-output>
        </test-method> <!-- checkoutProcess -->
        <test-method is-config="true" signature="tearDown()[pri:0, instance:testcases.CheckoutTest@158d2680]" started-at="2025-03-23T22:03:28 IST" name="tearDown" finished-at="2025-03-23T22:03:30 IST" duration-ms="2117" status="PASS">
          <reporter-output>
          </reporter-output>
        </test-method> <!-- tearDown -->
      </class> <!-- testcases.CheckoutTest -->
    </test> <!-- Magento Tests -->
  </suite> <!-- Luma -->
</testng-results>
