<?xml version="1.0" encoding="UTF-8"?>
<testsuite xmlns:xsi="http://www.w3.org/2001/XMLSchema-instance" xsi:noNamespaceSchemaLocation="https://maven.apache.org/surefire/maven-surefire-plugin/xsd/surefire-test-report-3.0.xsd" version="3.0" name="TestSuite" time="214.411" tests="12" errors="0" skipped="0" failures="0">
  <properties>
[...]
</properties>
  <testcase name="registerWithInvalidDetails" classname="testcases.UserRegistrationTest" time="8.948">
    <system-out><![CDATA[Screenshot saved successfully at: screenshots/InvalidDetails.png
]]></system-out>
  </testcase>
  <testcase name="registerWithValidDetails" classname="testcases.UserRegistrationTest" time="8.337">
    <system-out><![CDATA[Screenshot saved successfully at: screenshots/ValidDetails.png
]]></system-out>
  </testcase>
  <testcase name="testLogin[testuser1@example.com, wrongpassword, Invalid](1)" classname="testcases.LoginPageTest" time="2.125">
    <system-out><![CDATA[Screenshot saved successfully at: screenshots/InvalidLogin.png
Alert not found or failed to handle.
]]></system-out>
  </testcase>
  <testcase name="testLogin[avya.borra@gmail.com, Avya1516, Valid](2)" classname="testcases.LoginPageTest" time="2.77">
    <system-out><![CDATA[Screenshot saved successfully at: screenshots/HomePage.png
Alert not found or failed to handle.
]]></system-out>
  </testcase>
  <testcase name="runCucumberTests" classname="runner.RunCucumberTest" time="29.278">
    <system-out><![CDATA[Screenshot saved successfully at: screenshots/Item_Added_Success.png

1 Scenarios (&amp#27;[32m1 passed&amp#27;[0m)
3 Steps (&amp#27;[32m3 passed&amp#27;[0m)
0m28.803s


]]></system-out>
  </testcase>
  <testcase name="addmen" classname="testcases.AddMultipleProductsTest" time="32.399">
    <system-out><![CDATA[Screenshot saved successfully at: screenshots/Men_Added_Success.png
]]></system-out>
  </testcase>
  <testcase name="addshirt" classname="testcases.AddMultipleProductsTest" time="14.84">
    <system-out><![CDATA[Screenshot saved successfully at: screenshots/Shirt_Added_Success.png
]]></system-out>
  </testcase>
  <testcase name="addwatch" classname="testcases.AddMultipleProductsTest" time="13.114">
    <system-out><![CDATA[Screenshot saved successfully at: screenshots/Watch_Added_Success.png
]]></system-out>
  </testcase>
  <testcase name="viewAndEditCart" classname="testcases.CartEditTest" time="13.941"/>
  <testcase name="updateQuantity" classname="testcases.CartEditTest" time="3.642"/>
  <testcase name="removeProduct" classname="testcases.CartEditTest" time="5.502">
    <system-out><![CDATA[Screenshot saved successfully at: screenshots/Updated_Cart.png
]]></system-out>
  </testcase>
  <testcase name="checkoutProcess" classname="testcases.CheckoutTest" time="54.005">
    <system-out><![CDATA[Failed to enter shipping details: Element <input id="XHK3D5C" class="input-text" name="firstname" type="text"> could not be scrolled into view
Build info: version: '4.16.1', revision: '9b4c83354e'
System info: os.name: 'Windows 11', os.arch: 'amd64', os.version: '10.0', java.version: '17.0.12'
Driver info: org.openqa.selenium.firefox.FirefoxDriver
Command: [d99b3641-a217-4a9c-bcea-2488faab5c0f, clearElement {id=3df75f84-afcd-489b-8b72-2f289d21d3a1}]
Capabilities {acceptInsecureCerts: true, browserName: firefox, browserVersion: 136.0.2, moz:accessibilityChecks: false, moz:buildID: 20250317120031, moz:geckodriverVersion: 0.36.0, moz:headless: false, moz:platformVersion: 10.0, moz:processID: 24472, moz:profile: C:\Users\avyab\AppData\Loca..., moz:shutdownTimeout: 60000, moz:webdriverClick: true, moz:windowless: false, pageLoadStrategy: normal, platformName: windows, proxy: Proxy(), setWindowRect: true, strictFileInteractability: false, timeouts: {implicit: 0, pageLoad: 300000, script: 30000}, unhandledPromptBehavior: dismiss and notify, userAgent: Mozilla/5.0 (Windows NT 10....}
Element: [[FirefoxDriver: firefox on windows (d99b3641-a217-4a9c-bcea-2488faab5c0f)] -> name: firstname]
Session ID: d99b3641-a217-4a9c-bcea-2488faab5c0f
Ship Here button not found: Expected condition failed: waiting for element to be clickable: By.xpath: //span[normalize-space()='Ship here'] (tried for 10 second(s) with 500 milliseconds interval)
Build info: version: '4.16.1', revision: '9b4c83354e'
System info: os.name: 'Windows 11', os.arch: 'amd64', os.version: '10.0', java.version: '17.0.12'
Driver info: org.openqa.selenium.firefox.FirefoxDriver
Capabilities {acceptInsecureCerts: true, browserName: firefox, browserVersion: 136.0.2, moz:accessibilityChecks: false, moz:buildID: 20250317120031, moz:geckodriverVersion: 0.36.0, moz:headless: false, moz:platformVersion: 10.0, moz:processID: 24472, moz:profile: C:\Users\avyab\AppData\Loca..., moz:shutdownTimeout: 60000, moz:webdriverClick: true, moz:windowless: false, pageLoadStrategy: normal, platformName: windows, proxy: Proxy(), setWindowRect: true, strictFileInteractability: false, timeouts: {implicit: 0, pageLoad: 300000, script: 30000}, unhandledPromptBehavior: dismiss and notify, userAgent: Mozilla/5.0 (Windows NT 10....}
Session ID: d99b3641-a217-4a9c-bcea-2488faab5c0f
Failed to place order: Argument is of an illegal type: org.openqa.selenium.By$ByXPath
Order Number: 000046210
Screenshot saved successfully at: screenshots/Order_Success.png
]]></system-out>
  </testcase>
</testsuite>