<?xml version="1.0" encoding="UTF-8"?>
<testng-results ignored="0" total="12" passed="12" failed="0" skipped="0">
  <reporter-output>
  </reporter-output>
  <suite started-at="2025-03-24T15:45:18 IST" name="Luma" finished-at="2025-03-24T15:50:10 IST" duration-ms="292090">
    <groups>
    </groups>
    <test started-at="2025-03-24T15:45:18 IST" name="Magento Tests" finished-at="2025-03-24T15:50:10 IST" duration-ms="292090">
      <class name="testcases.CartEditTest">
        <test-method is-config="true" signature="setUp()[pri:0, instance:testcases.CartEditTest@6cc4cdb9]" started-at="2025-03-24T15:48:43 IST" name="setUp" finished-at="2025-03-24T15:48:46 IST" duration-ms="2462" status="PASS">
          <reporter-output>
          </reporter-output>
        </test-method> <!-- setUp -->
        <test-method signature="viewAndEditCart()[pri:1, instance:testcases.CartEditTest@6cc4cdb9]" started-at="2025-03-24T15:48:46 IST" name="viewAndEditCart" finished-at="2025-03-24T15:49:01 IST" duration-ms="14971" status="PASS">
          <reporter-output>
          </reporter-output>
        </test-method> <!-- viewAndEditCart -->
        <test-method signature="updateQuantity()[pri:2, instance:testcases.CartEditTest@6cc4cdb9]" started-at="2025-03-24T15:49:01 IST" name="updateQuantity" finished-at="2025-03-24T15:49:08 IST" duration-ms="7656" status="PASS">
          <reporter-output>
          </reporter-output>
        </test-method> <!-- updateQuantity -->
        <test-method signature="removeProduct()[pri:3, instance:testcases.CartEditTest@6cc4cdb9]" started-at="2025-03-24T15:49:08 IST" name="removeProduct" finished-at="2025-03-24T15:49:14 IST" duration-ms="5357" status="PASS">
          <reporter-output>
          </reporter-output>
        </test-method> <!-- removeProduct -->
        <test-method is-config="true" signature="tearDownTest()[pri:0, instance:testcases.CartEditTest@6cc4cdb9]" started-at="2025-03-24T15:49:14 IST" name="tearDownTest" finished-at="2025-03-24T15:49:14 IST" duration-ms="808" status="PASS">
          <reporter-output>
          </reporter-output>
        </test-method> <!-- tearDownTest -->
      </class> <!-- testcases.CartEditTest -->
      <class name="testcases.AddMultipleProductsTest">
        <test-method is-config="true" signature="setUp()[pri:0, instance:testcases.AddMultipleProductsTest@50f6ac94]" started-at="2025-03-24T15:46:40 IST" name="setUp" finished-at="2025-03-24T15:46:43 IST" duration-ms="2739" status="PASS">
          <reporter-output>
          </reporter-output>
        </test-method> <!-- setUp -->
        <test-method signature="addmen()[pri:1, instance:testcases.AddMultipleProductsTest@50f6ac94]" started-at="2025-03-24T15:46:43 IST" name="addmen" finished-at="2025-03-24T15:48:08 IST" duration-ms="84587" status="PASS">
          <reporter-output>
          </reporter-output>
        </test-method> <!-- addmen -->
        <test-method signature="addshirt()[pri:2, instance:testcases.AddMultipleProductsTest@50f6ac94]" started-at="2025-03-24T15:48:08 IST" name="addshirt" finished-at="2025-03-24T15:48:24 IST" duration-ms="16468" status="PASS">
          <reporter-output>
          </reporter-output>
        </test-method> <!-- addshirt -->
        <test-method signature="addwatch()[pri:3, instance:testcases.AddMultipleProductsTest@50f6ac94]" started-at="2025-03-24T15:48:24 IST" name="addwatch" finished-at="2025-03-24T15:48:42 IST" duration-ms="17952" status="PASS">
          <reporter-output>
          </reporter-output>
        </test-method> <!-- addwatch -->
        <test-method is-config="true" signature="tearDownTest()[pri:0, instance:testcases.AddMultipleProductsTest@50f6ac94]" started-at="2025-03-24T15:48:42 IST" name="tearDownTest" finished-at="2025-03-24T15:48:43 IST" duration-ms="907" status="PASS">
          <reporter-output>
          </reporter-output>
        </test-method> <!-- tearDownTest -->
      </class> <!-- testcases.AddMultipleProductsTest -->
      <class name="testcases.UserRegistrationTest">
        <test-method is-config="true" signature="setUp()[pri:0, instance:testcases.UserRegistrationTest@3e78b6a5]" started-at="2025-03-24T15:45:18 IST" name="setUp" finished-at="2025-03-24T15:45:25 IST" duration-ms="7076" status="PASS">
          <reporter-output>
          </reporter-output>
        </test-method> <!-- setUp -->
        <test-method signature="registerWithInvalidDetails()[pri:1, instance:testcases.UserRegistrationTest@3e78b6a5]" started-at="2025-03-24T15:45:25 IST" name="registerWithInvalidDetails" finished-at="2025-03-24T15:45:38 IST" duration-ms="13593" status="PASS">
          <reporter-output>
          </reporter-output>
        </test-method> <!-- registerWithInvalidDetails -->
        <test-method signature="registerWithValidDetails()[pri:2, instance:testcases.UserRegistrationTest@3e78b6a5]" started-at="2025-03-24T15:45:38 IST" name="registerWithValidDetails" finished-at="2025-03-24T15:45:55 IST" depends-on-methods="testcases.UserRegistrationTest.registerWithInvalidDetails" duration-ms="16385" status="PASS">
          <reporter-output>
          </reporter-output>
        </test-method> <!-- registerWithValidDetails -->
        <test-method is-config="true" signature="tearDownTest()[pri:0, instance:testcases.UserRegistrationTest@3e78b6a5]" started-at="2025-03-24T15:45:55 IST" name="tearDownTest" finished-at="2025-03-24T15:45:56 IST" duration-ms="1077" status="PASS">
          <reporter-output>
          </reporter-output>
        </test-method> <!-- tearDownTest -->
      </class> <!-- testcases.UserRegistrationTest -->
      <class name="runner.RunCucumberTest">
        <test-method signature="runCucumberTests()[pri:3, instance:runner.RunCucumberTest@e3b3b2f]" started-at="2025-03-24T15:46:06 IST" name="runCucumberTests" finished-at="2025-03-24T15:46:40 IST" duration-ms="34748" status="PASS">
          <reporter-output>
          </reporter-output>
        </test-method> <!-- runCucumberTests -->
      </class> <!-- runner.RunCucumberTest -->
      <class name="testcases.LoginPageTest">
        <test-method is-config="true" signature="setup(java.lang.String)[pri:0, instance:testcases.LoginPageTest@3e2055d6]" started-at="2025-03-24T15:45:56 IST" name="setup" finished-at="2025-03-24T15:45:56 IST" duration-ms="6" status="PASS">
          <params>
            <param index="0">
              <value>
                <![CDATA[firefox]]>
              </value>
            </param>
          </params>
          <reporter-output>
          </reporter-output>
        </test-method> <!-- setup -->
        <test-method signature="testLogin(java.lang.String,java.lang.String,java.lang.String)[pri:0, instance:testcases.LoginPageTest@3e2055d6]" started-at="2025-03-24T15:45:57 IST" name="testLogin" data-provider="LoginData" finished-at="2025-03-24T15:45:59 IST" depends-on-methods="testcases.UserRegistrationTest.registerWithValidDetails" duration-ms="1721" status="PASS">
          <params>
            <param index="0">
              <value>
                <![CDATA[testuser1@example.com]]>
              </value>
            </param>
            <param index="1">
              <value>
                <![CDATA[wrongpassword]]>
              </value>
            </param>
            <param index="2">
              <value>
                <![CDATA[Invalid]]>
              </value>
            </param>
          </params>
          <reporter-output>
          </reporter-output>
        </test-method> <!-- testLogin -->
        <test-method signature="testLogin(java.lang.String,java.lang.String,java.lang.String)[pri:0, instance:testcases.LoginPageTest@3e2055d6]" started-at="2025-03-24T15:45:59 IST" name="testLogin" data-provider="LoginData" finished-at="2025-03-24T15:46:01 IST" depends-on-methods="testcases.UserRegistrationTest.registerWithValidDetails" duration-ms="2843" status="PASS">
          <params>
            <param index="0">
              <value>
                <![CDATA[avya.borra@gmail.com]]>
              </value>
            </param>
            <param index="1">
              <value>
                <![CDATA[Avya1516]]>
              </value>
            </param>
            <param index="2">
              <value>
                <![CDATA[Valid]]>
              </value>
            </param>
          </params>
          <reporter-output>
          </reporter-output>
        </test-method> <!-- testLogin -->
        <test-method is-config="true" signature="tearDown()[pri:0, instance:testcases.LoginPageTest@3e2055d6]" started-at="2025-03-24T15:46:01 IST" name="tearDown" finished-at="2025-03-24T15:46:06 IST" duration-ms="4262" status="PASS">
          <reporter-output>
          </reporter-output>
        </test-method> <!-- tearDown -->
      </class> <!-- testcases.LoginPageTest -->
      <class name="testcases.CheckoutTest">
        <test-method is-config="true" signature="setUp()[pri:0, instance:testcases.CheckoutTest@28194a50]" started-at="2025-03-24T15:49:14 IST" name="setUp" finished-at="2025-03-24T15:49:22 IST" duration-ms="7882" status="PASS">
          <reporter-output>
          </reporter-output>
        </test-method> <!-- setUp -->
        <test-method signature="checkoutProcess()[pri:1, instance:testcases.CheckoutTest@28194a50]" started-at="2025-03-24T15:49:22 IST" name="checkoutProcess" finished-at="2025-03-24T15:50:09 IST" duration-ms="46496" status="PASS">
          <reporter-output>
          </reporter-output>
        </test-method> <!-- checkoutProcess -->
        <test-method is-config="true" signature="tearDown()[pri:0, instance:testcases.CheckoutTest@28194a50]" started-at="2025-03-24T15:50:09 IST" name="tearDown" finished-at="2025-03-24T15:50:10 IST" duration-ms="921" status="PASS">
          <reporter-output>
          </reporter-output>
        </test-method> <!-- tearDown -->
      </class> <!-- testcases.CheckoutTest -->
    </test> <!-- Magento Tests -->
  </suite> <!-- Luma -->
</testng-results>
